<?xml version="1.0" encoding="UTF-8"?>
<!-- Generated by org.testng.reporters.JUnitXMLReporter -->
<testsuite ignored="0" hostname="Sign-DnyaneshwarG" failures="0" tests="6" name="Default test" time="3.097" errors="0" timestamp="2025-12-26T18:39:45 IST">
  <testcase classname="com.api_RestAssure.ApiUsingDataProvider" name="testMultipleGetRequests" time="1.97"/>
  <testcase classname="com.api_RestAssure.ApiUsingDataProvider" name="testMultipleGetRequests" time="0.089"/>
  <testcase classname="com.api_RestAssure.ApiUsingDataProvider" name="testMultipleGetRequests" time="0.079"/>
  <testcase classname="com.api_RestAssure.ApiUsingDataProvider" name="testMultipleGetRequests" time="0.078"/>
  <testcase classname="com.api_RestAssure.ApiUsingDataProvider" name="testMultipleGetRequests" time="0.684"/>
  <testcase classname="com.api_RestAssure.ApiUsingDataProvider" name="testMultipleGetRequests" time="0.087"/>
</testsuite> <!-- Default test -->
