<?xml version="1.0" encoding="UTF-8"?>
<!-- Generated by org.testng.reporters.JUnitXMLReporter -->
<testsuite ignored="0" hostname="Sign-DnyaneshwarG" failures="0" tests="4" name="Default test" time="3.039" errors="0" timestamp="2025-11-26T10:43:26 IST">
  <testcase classname="com.api_RestAssure.APITest" name="testDeleteRequest" time="1.759"/>
  <testcase classname="com.api_RestAssure.APITest" name="testGetRequest" time="0.6"/>
  <testcase classname="com.api_RestAssure.APITest" name="testPostRequest" time="0.338"/>
  <testcase classname="com.api_RestAssure.APITest" name="testPutRequest" time="0.299"/>
</testsuite> <!-- Default test -->
