<?xml version="1.0" encoding="UTF-8"?>
<!-- Generated by org.testng.reporters.JUnitXMLReporter -->
<testsuite ignored="0" hostname="Sign-DnyaneshwarG" failures="0" tests="13" name="Test1" time="3.712" errors="0" timestamp="2025-11-27T18:27:27 IST">
  <testcase classname="com.api_RestAssure.SimpleApi" name="ApiTest" time="1.609"/>
  <testcase classname="com.api_RestAssure.APITest" name="testDeleteRequest" time="1.758"/>
  <testcase classname="com.api_RestAssure.APITest" name="testGetRequest" time="0.592"/>
  <testcase classname="com.api_RestAssure.FirstApiTest" name="demo_GEt_Request" time="0.745"/>
  <testcase classname="com.api_RestAssure.SecondApiTest" name="demo_GEt_Request" time="0.135"/>
  <testcase classname="com.api_RestAssure.ApiUsingDataProvider" name="testMultipleGetRequests" time="0.122"/>
  <testcase classname="com.api_RestAssure.ApiUsingDataProvider" name="testMultipleGetRequests" time="0.091"/>
  <testcase classname="com.api_RestAssure.APITest" name="testPostRequest" time="0.369"/>
  <testcase classname="com.api_RestAssure.ApiUsingDataProvider" name="testMultipleGetRequests" time="0.125"/>
  <testcase classname="com.api_RestAssure.ApiUsingDataProvider" name="testMultipleGetRequests" time="0.093"/>
  <testcase classname="com.api_RestAssure.ApiUsingDataProvider" name="testMultipleGetRequests" time="0.084"/>
  <testcase classname="com.api_RestAssure.APITest" name="testPutRequest" time="0.852"/>
  <testcase classname="com.api_RestAssure.ApiUsingDataProvider" name="testMultipleGetRequests" time="0.649"/>
</testsuite> <!-- Test1 -->
