<?xml version="1.0" encoding="UTF-8"?>
<!-- Generated by org.testng.reporters.JUnitXMLReporter -->
<testsuite ignored="0" hostname="Sign-DnyaneshwarG" failures="0" tests="6" name="Test1" time="3.762" errors="0" timestamp="2025-12-26T18:40:08 IST">
  <testcase classname="com.api_RestAssure.ApiUsingDataProvider" name="testMultipleGetRequests" time="2.013"/>
  <testcase classname="com.api_RestAssure.ApiUsingDataProvider" name="testMultipleGetRequests" time="0.083"/>
  <testcase classname="com.api_RestAssure.ApiUsingDataProvider" name="testMultipleGetRequests" time="0.077"/>
  <testcase classname="com.api_RestAssure.ApiUsingDataProvider" name="testMultipleGetRequests" time="0.077"/>
  <testcase classname="com.api_RestAssure.ApiUsingDataProvider" name="testMultipleGetRequests" time="0.676"/>
  <testcase classname="com.api_RestAssure.ApiUsingDataProvider" name="testMultipleGetRequests" time="0.724"/>
</testsuite> <!-- Test1 -->
