<?xml version="1.0" encoding="UTF-8"?>
<testng-results ignored="0" total="1" passed="1" failed="0" skipped="0">
  <reporter-output>
  </reporter-output>
  <suite started-at="2025-11-21T17:54:35 IST" name="Suite" finished-at="2025-11-21T17:54:38 IST" duration-ms="2537">
    <groups>
    </groups>
    <test started-at="2025-11-21T17:54:35 IST" name="Test" finished-at="2025-11-21T17:54:38 IST" duration-ms="2537">
      <class name="com.api_RestAssure.PostRequestDemo">
        <test-method is-config="true" signature="postData()[pri:0, instance:com.api_RestAssure.PostRequestDemo@6025e1b6]" started-at="2025-11-21T17:54:35 IST" name="postData" finished-at="2025-11-21T17:54:36 IST" duration-ms="346" status="PASS">
          <reporter-output>
          </reporter-output>
        </test-method> <!-- postData -->
        <test-method signature="postRequest()[pri:0, instance:com.api_RestAssure.PostRequestDemo@6025e1b6]" started-at="2025-11-21T17:54:36 IST" name="postRequest" finished-at="2025-11-21T17:54:38 IST" duration-ms="2158" status="PASS">
          <reporter-output>
          </reporter-output>
        </test-method> <!-- postRequest -->
      </class> <!-- com.api_RestAssure.PostRequestDemo -->
    </test> <!-- Test -->
  </suite> <!-- Suite -->
</testng-results>
