<?xml version="1.0" encoding="UTF-8"?>
<!-- Generated by org.testng.reporters.JUnitReportReporter -->
<testsuite hostname="Sign-DnyaneshwarG" failures="0" tests="4" name="com.api_RestAssure.APITest" time="4.198" errors="0" timestamp="2025-12-26T18:27:11 IST" skipped="0">
  <testcase classname="com.api_RestAssure.APITest" name="testPostRequest" time="0.734"/>
  <testcase classname="com.api_RestAssure.APITest" name="testGetRequest" time="0.643"/>
  <testcase classname="com.api_RestAssure.APITest" name="testDeleteRequest" time="1.971"/>
  <testcase classname="com.api_RestAssure.APITest" name="testPutRequest" time="0.850"/>
</testsuite> <!-- com.api_RestAssure.APITest -->
