<?xml version="1.0" encoding="UTF-8"?>
<!-- Generated by org.testng.reporters.JUnitReportReporter -->
<testsuite hostname="Sign-DnyaneshwarG" failures="0" tests="4" name="com.api_RestAssure.APITest" time="3.204" errors="0" timestamp="2025-11-26T15:55:35 IST" skipped="0">
  <testcase classname="com.api_RestAssure.APITest" name="testPostRequest" time="0.319"/>
  <testcase classname="com.api_RestAssure.APITest" name="testGetRequest" time="0.585"/>
  <testcase classname="com.api_RestAssure.APITest" name="testPutRequest" time="0.274"/>
  <testcase classname="com.api_RestAssure.APITest" name="testDeleteRequest" time="2.026"/>
</testsuite> <!-- com.api_RestAssure.APITest -->
