<?xml version="1.0" encoding="UTF-8"?>
<!-- Generated by org.testng.reporters.JUnitReportReporter -->
<testsuite hostname="Sign-DnyaneshwarG" failures="0" tests="4" name="com.api_RestAssure.APITest" time="3.912" errors="0" timestamp="2025-12-23T17:04:16 IST" skipped="0">
  <testcase classname="com.api_RestAssure.APITest" name="testPutRequest" time="0.747"/>
  <testcase classname="com.api_RestAssure.APITest" name="testGetRequest" time="0.670"/>
  <testcase classname="com.api_RestAssure.APITest" name="testDeleteRequest" time="2.140"/>
  <testcase classname="com.api_RestAssure.APITest" name="testPostRequest" time="0.355"/>
</testsuite> <!-- com.api_RestAssure.APITest -->
