<?xml version="1.0" encoding="UTF-8"?>
<!-- Generated by org.testng.reporters.JUnitReportReporter -->
<testsuite hostname="Sign-DnyaneshwarG" failures="0" tests="6" name="com.api_RestAssure.ApiUsingDataProvider" time="3.222" errors="0" timestamp="2025-11-27T18:46:23 IST" skipped="0">
  <testcase classname="com.api_RestAssure.ApiUsingDataProvider" name="testMultipleGetRequests" time="0.091"/>
  <testcase classname="com.api_RestAssure.ApiUsingDataProvider" name="testMultipleGetRequests" time="0.100"/>
  <testcase classname="com.api_RestAssure.ApiUsingDataProvider" name="testMultipleGetRequests" time="2.144"/>
  <testcase classname="com.api_RestAssure.ApiUsingDataProvider" name="testMultipleGetRequests" time="0.695"/>
  <testcase classname="com.api_RestAssure.ApiUsingDataProvider" name="testMultipleGetRequests" time="0.099"/>
  <testcase classname="com.api_RestAssure.ApiUsingDataProvider" name="testMultipleGetRequests" time="0.093"/>
</testsuite> <!-- com.api_RestAssure.ApiUsingDataProvider -->
