<?xml version="1.0" encoding="UTF-8"?>
<!-- Generated by org.testng.reporters.JUnitReportReporter -->
<testsuite hostname="Sign-DnyaneshwarG" failures="0" tests="4" name="com.api_RestAssure.APITest" time="3.571" errors="0" timestamp="2025-11-27T18:27:28 IST" skipped="0">
  <testcase classname="com.api_RestAssure.APITest" name="testPutRequest" time="0.852"/>
  <testcase classname="com.api_RestAssure.APITest" name="testGetRequest" time="0.592"/>
  <testcase classname="com.api_RestAssure.APITest" name="testDeleteRequest" time="1.758"/>
  <testcase classname="com.api_RestAssure.APITest" name="testPostRequest" time="0.369"/>
</testsuite> <!-- com.api_RestAssure.APITest -->
