<?xml version="1.0" encoding="UTF-8"?>
<!-- Generated by org.testng.reporters.JUnitReportReporter -->
<testsuite hostname="Sign-DnyaneshwarG" failures="1" tests="1" name="Pawan.GetDemoByPawan" time="2.186" errors="0" timestamp="2025-12-01T19:05:08 IST" skipped="0">
  <testcase classname="Pawan.GetDemoByPawan" name="getRequest" time="2.186">
    <failure message="1 expectation failed.
XML path firstName[1] doesn&#039;t match.
Expected: John
  Actual: &lt;nullnull
    html {
      font-size: 16px;
      line-height: 1.5;
      background-color: #fff;
      color: #000;
    }

    body {
      margin: 0 auto;
      max-width: 720px;
      padding: 0 16px;
      font-family: sans-serif;
    }

    a {
      color: #db2777;
      text-decoration: none;
    }

    header {
      margin-bottom: 32px;
      padding: 16px 0;
    }

    nav {
      display: flex;
      justify-content: space-between;
    }

    nav div a {
      margin-left: 16px;
    }

    ul {
      margin: 0;
      padding: 0;
      list-style: none;
    }

    li {
      margin-bottom: 8px;
    }

    /* Dark mode styles */
    @media (prefers-color-scheme: dark) {
      html {
        background-color: #1e293b;
        color: #fff;
      }

      a {

      }
    }

  JSON ServerDocs♡ Sponsor✧*｡٩(ˊᗜˋ*)و✧*｡/employees
                          - 12                items          &gt;
" type="java.lang.AssertionError">
      <![CDATA[java.lang.AssertionError: 1 expectation failed.
XML path firstName[1] doesn't match.
Expected: John
  Actual: <nullnull
    html {
      font-size: 16px;
      line-height: 1.5;
      background-color: #fff;
      color: #000;
    }

    body {
      margin: 0 auto;
      max-width: 720px;
      padding: 0 16px;
      font-family: sans-serif;
    }

    a {
      color: #db2777;
      text-decoration: none;
    }

    header {
      margin-bottom: 32px;
      padding: 16px 0;
    }

    nav {
      display: flex;
      justify-content: space-between;
    }

    nav div a {
      margin-left: 16px;
    }

    ul {
      margin: 0;
      padding: 0;
      list-style: none;
    }

    li {
      margin-bottom: 8px;
    }

    /* Dark mode styles */
    @media (prefers-color-scheme: dark) {
      html {
        background-color: #1e293b;
        color: #fff;
      }

      a {

      }
    }

  JSON ServerDocs♡ Sponsor✧*｡٩(ˊᗜˋ*)و✧*｡/employees
                          - 12                items          >

at java.base/jdk.internal.reflect.DirectConstructorHandleAccessor.newInstance(DirectConstructorHandleAccessor.java:62)
at java.base/java.lang.reflect.Constructor.newInstanceWithCaller(Constructor.java:502)
at java.base/java.lang.reflect.Constructor.newInstance(Constructor.java:486)
at org.codehaus.groovy.reflection.CachedConstructor.invoke(CachedConstructor.java:73)
at org.codehaus.groovy.runtime.callsite.ConstructorSite$ConstructorSiteNoUnwrapNoCoerce.callConstructor(ConstructorSite.java:108)
at org.codehaus.groovy.runtime.callsite.CallSiteArray.defaultCallConstructor(CallSiteArray.java:57)
at org.codehaus.groovy.runtime.callsite.AbstractCallSite.callConstructor(AbstractCallSite.java:263)
at org.codehaus.groovy.runtime.callsite.AbstractCallSite.callConstructor(AbstractCallSite.java:277)
at io.restassured.internal.ResponseSpecificationImpl$HamcrestAssertionClosure.validate(ResponseSpecificationImpl.groovy:512)
at io.restassured.internal.ResponseSpecificationImpl$HamcrestAssertionClosure$validate$1.call(Unknown Source)
at io.restassured.internal.ResponseSpecificationImpl.validateResponseIfRequired(ResponseSpecificationImpl.groovy:696)
at io.restassured.internal.ResponseSpecificationImpl.this$2$validateResponseIfRequired(ResponseSpecificationImpl.groovy)
at java.base/jdk.internal.reflect.DirectMethodHandleAccessor.invoke(DirectMethodHandleAccessor.java:103)
at java.base/java.lang.reflect.Method.invoke(Method.java:580)
at org.codehaus.groovy.runtime.callsite.PlainObjectMetaMethodSite.doInvoke(PlainObjectMetaMethodSite.java:43)
at org.codehaus.groovy.runtime.callsite.PogoMetaMethodSite$PogoCachedMethodSiteNoUnwrapNoCoerce.invoke(PogoMetaMethodSite.java:198)
at org.codehaus.groovy.runtime.callsite.PogoMetaMethodSite.callCurrent(PogoMetaMethodSite.java:62)
at org.codehaus.groovy.runtime.callsite.CallSiteArray.defaultCallCurrent(CallSiteArray.java:49)
at org.codehaus.groovy.runtime.callsite.AbstractCallSite.callCurrent(AbstractCallSite.java:171)
at org.codehaus.groovy.runtime.callsite.AbstractCallSite.callCurrent(AbstractCallSite.java:185)
at io.restassured.internal.ResponseSpecificationImpl.body(ResponseSpecificationImpl.groovy:270)
at io.restassured.specification.ResponseSpecification$body$2.callCurrent(Unknown Source)
at org.codehaus.groovy.runtime.callsite.CallSiteArray.defaultCallCurrent(CallSiteArray.java:49)
at org.codehaus.groovy.runtime.callsite.AbstractCallSite.callCurrent(AbstractCallSite.java:171)
at org.codehaus.groovy.runtime.callsite.AbstractCallSite.callCurrent(AbstractCallSite.java:212)
at io.restassured.internal.ResponseSpecificationImpl.body(ResponseSpecificationImpl.groovy:117)
at io.restassured.internal.ValidatableResponseOptionsImpl.body(ValidatableResponseOptionsImpl.java:244)
at Pawan.GetDemoByPawan.getRequest(GetDemoByPawan.java:20)
at java.base/jdk.internal.reflect.DirectMethodHandleAccessor.invoke(DirectMethodHandleAccessor.java:103)
at java.base/java.lang.reflect.Method.invoke(Method.java:580)
at org.testng.internal.invokers.MethodInvocationHelper.invokeMethod(MethodInvocationHelper.java:141)
at org.testng.internal.invokers.TestInvoker.invokeMethod(TestInvoker.java:687)
at org.testng.internal.invokers.TestInvoker.invokeTestMethod(TestInvoker.java:230)
at org.testng.internal.invokers.MethodRunner.runInSequence(MethodRunner.java:63)
at org.testng.internal.invokers.TestInvoker$MethodInvocationAgent.invoke(TestInvoker.java:995)
at org.testng.internal.invokers.TestInvoker.invokeTestMethods(TestInvoker.java:203)
at org.testng.internal.invokers.TestMethodWorker.invokeTestMethods(TestMethodWorker.java:154)
at org.testng.internal.invokers.TestMethodWorker.run(TestMethodWorker.java:134)
at java.base/java.util.ArrayList.forEach(ArrayList.java:1596)
at org.testng.TestRunner.privateRun(TestRunner.java:741)
at org.testng.TestRunner.run(TestRunner.java:616)
at org.testng.SuiteRunner.runTest(SuiteRunner.java:421)
at org.testng.SuiteRunner.runSequentially(SuiteRunner.java:413)
at org.testng.SuiteRunner.privateRun(SuiteRunner.java:373)
at org.testng.SuiteRunner.run(SuiteRunner.java:312)
at org.testng.SuiteRunnerWorker.runSuite(SuiteRunnerWorker.java:52)
at org.testng.SuiteRunnerWorker.run(SuiteRunnerWorker.java:95)
at org.testng.TestNG.runSuitesSequentially(TestNG.java:1274)
at org.testng.TestNG.runSuitesLocally(TestNG.java:1208)
at org.testng.TestNG.runSuites(TestNG.java:1112)
at org.testng.TestNG.run(TestNG.java:1079)
at org.testng.remote.AbstractRemoteTestNG.run(AbstractRemoteTestNG.java:115)
at org.testng.remote.RemoteTestNG.initAndRun(RemoteTestNG.java:293)
at org.testng.remote.RemoteTestNG.main(RemoteTestNG.java:91)
]]>
    </failure>
  </testcase> <!-- getRequest -->
</testsuite> <!-- Pawan.GetDemoByPawan -->
