<?xml version="1.0" encoding="UTF-8"?>
<!-- Generated by org.testng.reporters.JUnitReportReporter -->
<testsuite hostname="Sign-DnyaneshwarG" failures="0" tests="6" name="com.api_RestAssure.ApiUsingDataProvider" time="3.032" errors="0" timestamp="2025-11-27T17:55:52 IST" skipped="0">
  <testcase classname="com.api_RestAssure.ApiUsingDataProvider" name="testMultipleGetRequests" time="1.975"/>
  <testcase classname="com.api_RestAssure.ApiUsingDataProvider" name="testMultipleGetRequests" time="0.092"/>
  <testcase classname="com.api_RestAssure.ApiUsingDataProvider" name="testMultipleGetRequests" time="0.101"/>
  <testcase classname="com.api_RestAssure.ApiUsingDataProvider" name="testMultipleGetRequests" time="0.684"/>
  <testcase classname="com.api_RestAssure.ApiUsingDataProvider" name="testMultipleGetRequests" time="0.090"/>
  <testcase classname="com.api_RestAssure.ApiUsingDataProvider" name="testMultipleGetRequests" time="0.090"/>
</testsuite> <!-- com.api_RestAssure.ApiUsingDataProvider -->
