<?xml version="1.0" encoding="UTF-8"?>
<!-- Generated by org.testng.reporters.JUnitReportReporter -->
<testsuite hostname="Sign-DnyaneshwarG" failures="0" tests="4" name="com.api_RestAssure.APITest" time="3.541" errors="0" timestamp="2025-12-10T15:38:47 IST" skipped="0">
  <testcase classname="com.api_RestAssure.APITest" name="testGetRequest" time="0.781"/>
  <testcase classname="com.api_RestAssure.APITest" name="testDeleteRequest" time="1.712"/>
  <testcase classname="com.api_RestAssure.APITest" name="testPutRequest" time="0.713"/>
  <testcase classname="com.api_RestAssure.APITest" name="testPostRequest" time="0.335"/>
</testsuite> <!-- com.api_RestAssure.APITest -->
